{"/home/fabiochiquezi/Desktop/Tool-MonorepoBoilerplate/helpers/helpers-back/crud/mongoose/errDBMsgs.ts": {"path":"/home/fabiochiquezi/Desktop/Tool-MonorepoBoilerplate/helpers/helpers-back/crud/mongoose/errDBMsgs.ts","statementMap":{"0":{"start":{"line":1,"column":13},"end":{"line":5,"column":null}}},"fnMap":{},"branchMap":{},"s":{"0":6},"f":{},"b":{}}
,"/home/fabiochiquezi/Desktop/Tool-MonorepoBoilerplate/helpers/helpers-back/crud/mongoose/scssDBMsgs.ts": {"path":"/home/fabiochiquezi/Desktop/Tool-MonorepoBoilerplate/helpers/helpers-back/crud/mongoose/scssDBMsgs.ts","statementMap":{"0":{"start":{"line":1,"column":13},"end":{"line":7,"column":null}}},"fnMap":{},"branchMap":{},"s":{"0":6},"f":{},"b":{}}
,"/home/fabiochiquezi/Desktop/Tool-MonorepoBoilerplate/helpers/helpers-back/crud/mongoose/delete/index.ts": {"path":"/home/fabiochiquezi/Desktop/Tool-MonorepoBoilerplate/helpers/helpers-back/crud/mongoose/delete/index.ts","statementMap":{"0":{"start":{"line":1,"column":0},"end":{"line":1,"column":40}},"1":{"start":{"line":2,"column":0},"end":{"line":2,"column":42}},"2":{"start":{"line":5,"column":32},"end":{"line":15,"column":null}},"3":{"start":{"line":5,"column":42},"end":{"line":15,"column":null}},"4":{"start":{"line":5,"column":53},"end":{"line":15,"column":null}},"5":{"start":{"line":6,"column":4},"end":{"line":14,"column":null}},"6":{"start":{"line":7,"column":8},"end":{"line":7,"column":null}},"7":{"start":{"line":8,"column":8},"end":{"line":11,"column":null}},"8":{"start":{"line":13,"column":8},"end":{"line":13,"column":null}},"9":{"start":{"line":5,"column":13},"end":{"line":5,"column":32}}},"fnMap":{"0":{"name":"(anonymous_7)","decl":{"start":{"line":5,"column":32},"end":{"line":5,"column":38}},"loc":{"start":{"line":5,"column":42},"end":{"line":15,"column":null}}},"1":{"name":"(anonymous_8)","decl":{"start":{"line":5,"column":42},"end":{"line":5,"column":48}},"loc":{"start":{"line":5,"column":53},"end":{"line":15,"column":null}}},"2":{"name":"(anonymous_9)","decl":{"start":{"line":5,"column":53},"end":{"line":5,"column":null}},"loc":{"start":{"line":5,"column":53},"end":{"line":15,"column":1}}}},"branchMap":{},"s":{"0":1,"1":1,"2":1,"3":2,"4":2,"5":2,"6":2,"7":1,"8":1,"9":1},"f":{"0":2,"1":2,"2":2},"b":{}}
,"/home/fabiochiquezi/Desktop/Tool-MonorepoBoilerplate/helpers/helpers-back/crud/mongoose/findByID/index.ts": {"path":"/home/fabiochiquezi/Desktop/Tool-MonorepoBoilerplate/helpers/helpers-back/crud/mongoose/findByID/index.ts","statementMap":{"0":{"start":{"line":1,"column":0},"end":{"line":1,"column":40}},"1":{"start":{"line":2,"column":0},"end":{"line":2,"column":42}},"2":{"start":{"line":5,"column":34},"end":{"line":20,"column":null}},"3":{"start":{"line":5,"column":44},"end":{"line":20,"column":null}},"4":{"start":{"line":5,"column":55},"end":{"line":20,"column":null}},"5":{"start":{"line":6,"column":4},"end":{"line":19,"column":null}},"6":{"start":{"line":7,"column":21},"end":{"line":7,"column":46}},"7":{"start":{"line":8,"column":8},"end":{"line":12,"column":null}},"8":{"start":{"line":14,"column":8},"end":{"line":18,"column":null}},"9":{"start":{"line":5,"column":13},"end":{"line":5,"column":34}}},"fnMap":{"0":{"name":"(anonymous_7)","decl":{"start":{"line":5,"column":34},"end":{"line":5,"column":40}},"loc":{"start":{"line":5,"column":44},"end":{"line":20,"column":null}}},"1":{"name":"(anonymous_8)","decl":{"start":{"line":5,"column":44},"end":{"line":5,"column":50}},"loc":{"start":{"line":5,"column":55},"end":{"line":20,"column":null}}},"2":{"name":"(anonymous_9)","decl":{"start":{"line":5,"column":55},"end":{"line":5,"column":null}},"loc":{"start":{"line":5,"column":55},"end":{"line":20,"column":1}}}},"branchMap":{},"s":{"0":1,"1":1,"2":1,"3":2,"4":2,"5":2,"6":2,"7":1,"8":1,"9":1},"f":{"0":2,"1":2,"2":2},"b":{}}
,"/home/fabiochiquezi/Desktop/Tool-MonorepoBoilerplate/helpers/helpers-back/crud/mongoose/findByIDAndDelete/index.ts": {"path":"/home/fabiochiquezi/Desktop/Tool-MonorepoBoilerplate/helpers/helpers-back/crud/mongoose/findByIDAndDelete/index.ts","statementMap":{"0":{"start":{"line":1,"column":0},"end":{"line":1,"column":40}},"1":{"start":{"line":2,"column":0},"end":{"line":2,"column":42}},"2":{"start":{"line":5,"column":43},"end":{"line":18,"column":null}},"3":{"start":{"line":5,"column":53},"end":{"line":18,"column":null}},"4":{"start":{"line":5,"column":64},"end":{"line":18,"column":null}},"5":{"start":{"line":6,"column":4},"end":{"line":17,"column":null}},"6":{"start":{"line":7,"column":8},"end":{"line":7,"column":null}},"7":{"start":{"line":8,"column":8},"end":{"line":11,"column":null}},"8":{"start":{"line":13,"column":8},"end":{"line":16,"column":null}},"9":{"start":{"line":5,"column":13},"end":{"line":5,"column":43}}},"fnMap":{"0":{"name":"(anonymous_7)","decl":{"start":{"line":5,"column":43},"end":{"line":5,"column":49}},"loc":{"start":{"line":5,"column":53},"end":{"line":18,"column":null}}},"1":{"name":"(anonymous_8)","decl":{"start":{"line":5,"column":53},"end":{"line":5,"column":59}},"loc":{"start":{"line":5,"column":64},"end":{"line":18,"column":null}}},"2":{"name":"(anonymous_9)","decl":{"start":{"line":5,"column":64},"end":{"line":5,"column":null}},"loc":{"start":{"line":5,"column":64},"end":{"line":18,"column":1}}}},"branchMap":{},"s":{"0":1,"1":1,"2":1,"3":2,"4":2,"5":2,"6":2,"7":1,"8":1,"9":1},"f":{"0":2,"1":2,"2":2},"b":{}}
,"/home/fabiochiquezi/Desktop/Tool-MonorepoBoilerplate/helpers/helpers-back/crud/mongoose/get/index.ts": {"path":"/home/fabiochiquezi/Desktop/Tool-MonorepoBoilerplate/helpers/helpers-back/crud/mongoose/get/index.ts","statementMap":{"0":{"start":{"line":1,"column":0},"end":{"line":1,"column":42}},"1":{"start":{"line":2,"column":0},"end":{"line":2,"column":40}},"2":{"start":{"line":5,"column":29},"end":{"line":16,"column":null}},"3":{"start":{"line":5,"column":44},"end":{"line":16,"column":null}},"4":{"start":{"line":6,"column":4},"end":{"line":15,"column":null}},"5":{"start":{"line":7,"column":21},"end":{"line":7,"column":40}},"6":{"start":{"line":8,"column":8},"end":{"line":8,"column":null}},"7":{"start":{"line":10,"column":8},"end":{"line":14,"column":null}},"8":{"start":{"line":5,"column":13},"end":{"line":5,"column":29}}},"fnMap":{"0":{"name":"(anonymous_7)","decl":{"start":{"line":5,"column":29},"end":{"line":5,"column":35}},"loc":{"start":{"line":5,"column":44},"end":{"line":16,"column":null}}},"1":{"name":"(anonymous_8)","decl":{"start":{"line":5,"column":44},"end":{"line":5,"column":null}},"loc":{"start":{"line":5,"column":44},"end":{"line":16,"column":1}}}},"branchMap":{},"s":{"0":1,"1":1,"2":1,"3":2,"4":2,"5":2,"6":1,"7":1,"8":1},"f":{"0":2,"1":2},"b":{}}
,"/home/fabiochiquezi/Desktop/Tool-MonorepoBoilerplate/helpers/helpers-back/crud/mongoose/post/index.ts": {"path":"/home/fabiochiquezi/Desktop/Tool-MonorepoBoilerplate/helpers/helpers-back/crud/mongoose/post/index.ts","statementMap":{"0":{"start":{"line":1,"column":0},"end":{"line":1,"column":40}},"1":{"start":{"line":2,"column":0},"end":{"line":2,"column":42}},"2":{"start":{"line":5,"column":30},"end":{"line":13,"column":null}},"3":{"start":{"line":5,"column":40},"end":{"line":13,"column":null}},"4":{"start":{"line":5,"column":53},"end":{"line":13,"column":null}},"5":{"start":{"line":6,"column":4},"end":{"line":12,"column":null}},"6":{"start":{"line":7,"column":21},"end":{"line":7,"column":37}},"7":{"start":{"line":8,"column":8},"end":{"line":8,"column":null}},"8":{"start":{"line":9,"column":8},"end":{"line":9,"column":null}},"9":{"start":{"line":11,"column":8},"end":{"line":11,"column":null}},"10":{"start":{"line":5,"column":13},"end":{"line":5,"column":30}}},"fnMap":{"0":{"name":"(anonymous_7)","decl":{"start":{"line":5,"column":30},"end":{"line":5,"column":36}},"loc":{"start":{"line":5,"column":40},"end":{"line":13,"column":null}}},"1":{"name":"(anonymous_8)","decl":{"start":{"line":5,"column":40},"end":{"line":5,"column":46}},"loc":{"start":{"line":5,"column":53},"end":{"line":13,"column":null}}},"2":{"name":"(anonymous_9)","decl":{"start":{"line":5,"column":53},"end":{"line":5,"column":null}},"loc":{"start":{"line":5,"column":53},"end":{"line":13,"column":1}}}},"branchMap":{},"s":{"0":1,"1":1,"2":1,"3":2,"4":2,"5":2,"6":2,"7":2,"8":1,"9":1,"10":1},"f":{"0":2,"1":2,"2":2},"b":{}}
,"/home/fabiochiquezi/Desktop/Tool-MonorepoBoilerplate/helpers/helpers-back/crud/mongoose/updateOne/index.ts": {"path":"/home/fabiochiquezi/Desktop/Tool-MonorepoBoilerplate/helpers/helpers-back/crud/mongoose/updateOne/index.ts","statementMap":{"0":{"start":{"line":1,"column":0},"end":{"line":1,"column":42}},"1":{"start":{"line":2,"column":0},"end":{"line":2,"column":40}},"2":{"start":{"line":5,"column":35},"end":{"line":15,"column":null}},"3":{"start":{"line":5,"column":42},"end":{"line":15,"column":null}},"4":{"start":{"line":5,"column":55},"end":{"line":15,"column":null}},"5":{"start":{"line":6,"column":4},"end":{"line":14,"column":null}},"6":{"start":{"line":7,"column":8},"end":{"line":7,"column":null}},"7":{"start":{"line":8,"column":8},"end":{"line":8,"column":null}},"8":{"start":{"line":10,"column":8},"end":{"line":13,"column":null}},"9":{"start":{"line":5,"column":13},"end":{"line":5,"column":35}}},"fnMap":{"0":{"name":"(anonymous_7)","decl":{"start":{"line":5,"column":35},"end":{"line":5,"column":38}},"loc":{"start":{"line":5,"column":42},"end":{"line":15,"column":null}}},"1":{"name":"(anonymous_8)","decl":{"start":{"line":5,"column":42},"end":{"line":5,"column":48}},"loc":{"start":{"line":5,"column":55},"end":{"line":15,"column":null}}},"2":{"name":"(anonymous_9)","decl":{"start":{"line":5,"column":55},"end":{"line":5,"column":null}},"loc":{"start":{"line":5,"column":55},"end":{"line":15,"column":1}}}},"branchMap":{},"s":{"0":1,"1":1,"2":1,"3":2,"4":2,"5":2,"6":2,"7":1,"8":1,"9":1},"f":{"0":2,"1":2,"2":2},"b":{}}
,"/home/fabiochiquezi/Desktop/Tool-MonorepoBoilerplate/helpers/helpers-back/responses/default/index.ts": {"path":"/home/fabiochiquezi/Desktop/Tool-MonorepoBoilerplate/helpers/helpers-back/responses/default/index.ts","statementMap":{"0":{"start":{"line":3,"column":27},"end":{"line":4,"column":56}},"1":{"start":{"line":4,"column":4},"end":{"line":4,"column":56}},"2":{"start":{"line":3,"column":13},"end":{"line":3,"column":27}}},"fnMap":{"0":{"name":"(anonymous_0)","decl":{"start":{"line":3,"column":27},"end":{"line":3,"column":28}},"loc":{"start":{"line":4,"column":4},"end":{"line":4,"column":56}}}},"branchMap":{"0":{"loc":{"start":{"line":3,"column":45},"end":{"line":3,"column":57}},"type":"default-arg","locations":[{"start":{"line":3,"column":55},"end":{"line":3,"column":57}}]},"1":{"loc":{"start":{"line":3,"column":59},"end":{"line":3,"column":68}},"type":"default-arg","locations":[{"start":{"line":3,"column":66},"end":{"line":3,"column":68}}]}},"s":{"0":1,"1":3,"2":1},"f":{"0":3},"b":{"0":[1],"1":[1]}}
,"/home/fabiochiquezi/Desktop/Tool-MonorepoBoilerplate/helpers/helpers-back/validations/validRequest/index.ts": {"path":"/home/fabiochiquezi/Desktop/Tool-MonorepoBoilerplate/helpers/helpers-back/validations/validRequest/index.ts","statementMap":{"0":{"start":{"line":3,"column":43},"end":{"line":8,"column":1}},"1":{"start":{"line":3,"column":56},"end":{"line":8,"column":1}},"2":{"start":{"line":4,"column":19},"end":{"line":4,"column":33}},"3":{"start":{"line":5,"column":27},"end":{"line":5,"column":44}},"4":{"start":{"line":6,"column":4},"end":{"line":6,"column":null}},"5":{"start":{"line":6,"column":24},"end":{"line":6,"column":null}},"6":{"start":{"line":7,"column":4},"end":{"line":7,"column":null}},"7":{"start":{"line":3,"column":13},"end":{"line":3,"column":43}}},"fnMap":{"0":{"name":"(anonymous_0)","decl":{"start":{"line":3,"column":43},"end":{"line":3,"column":52}},"loc":{"start":{"line":3,"column":56},"end":{"line":8,"column":1}}},"1":{"name":"(anonymous_1)","decl":{"start":{"line":3,"column":56},"end":{"line":3,"column":59}},"loc":{"start":{"line":3,"column":62},"end":{"line":8,"column":1}}}},"branchMap":{"0":{"loc":{"start":{"line":6,"column":4},"end":{"line":6,"column":null}},"type":"if","locations":[{"start":{"line":6,"column":4},"end":{"line":6,"column":null}}]}},"s":{"0":1,"1":2,"2":2,"3":2,"4":2,"5":1,"6":1,"7":1},"f":{"0":2,"1":2},"b":{"0":[1]}}
}
