{"/home/fabiochiquezi/Desktop/Tool-MonorepoBoilerplate/helpers/helpers-general/formatData/index.ts": {"path":"/home/fabiochiquezi/Desktop/Tool-MonorepoBoilerplate/helpers/helpers-general/formatData/index.ts","statementMap":{"0":{"start":{"line":1,"column":24},"end":{"line":9,"column":1}},"1":{"start":{"line":2,"column":26},"end":{"line":2,"column":28}},"2":{"start":{"line":3,"column":4},"end":{"line":7,"column":null}},"3":{"start":{"line":4,"column":8},"end":{"line":4,"column":null}},"4":{"start":{"line":5,"column":8},"end":{"line":5,"column":null}},"5":{"start":{"line":6,"column":8},"end":{"line":6,"column":null}},"6":{"start":{"line":8,"column":4},"end":{"line":8,"column":null}},"7":{"start":{"line":11,"column":24},"end":{"line":19,"column":1}},"8":{"start":{"line":12,"column":26},"end":{"line":12,"column":28}},"9":{"start":{"line":13,"column":4},"end":{"line":17,"column":null}},"10":{"start":{"line":14,"column":8},"end":{"line":14,"column":null}},"11":{"start":{"line":15,"column":8},"end":{"line":15,"column":null}},"12":{"start":{"line":16,"column":8},"end":{"line":16,"column":null}},"13":{"start":{"line":18,"column":4},"end":{"line":18,"column":null}},"14":{"start":{"line":21,"column":18},"end":{"line":30,"column":1}},"15":{"start":{"line":22,"column":20},"end":{"line":22,"column":22}},"16":{"start":{"line":23,"column":4},"end":{"line":28,"column":null}},"17":{"start":{"line":24,"column":8},"end":{"line":24,"column":null}},"18":{"start":{"line":25,"column":8},"end":{"line":25,"column":null}},"19":{"start":{"line":26,"column":8},"end":{"line":26,"column":null}},"20":{"start":{"line":27,"column":8},"end":{"line":27,"column":null}},"21":{"start":{"line":29,"column":4},"end":{"line":29,"column":null}},"22":{"start":{"line":32,"column":26},"end":{"line":46,"column":1}},"23":{"start":{"line":41,"column":28},"end":{"line":41,"column":30}},"24":{"start":{"line":43,"column":4},"end":{"line":43,"column":null}},"25":{"start":{"line":45,"column":4},"end":{"line":45,"column":null}},"26":{"start":{"line":48,"column":22},"end":{"line":54,"column":1}},"27":{"start":{"line":49,"column":24},"end":{"line":49,"column":26}},"28":{"start":{"line":50,"column":4},"end":{"line":52,"column":null}},"29":{"start":{"line":51,"column":8},"end":{"line":51,"column":null}},"30":{"start":{"line":53,"column":4},"end":{"line":53,"column":null}},"31":{"start":{"line":56,"column":19},"end":{"line":57,"column":50}},"32":{"start":{"line":57,"column":4},"end":{"line":57,"column":50}},"33":{"start":{"line":59,"column":23},"end":{"line":60,"column":37}},"34":{"start":{"line":60,"column":4},"end":{"line":60,"column":37}},"35":{"start":{"line":62,"column":13},"end":{"line":70,"column":null}}},"fnMap":{"0":{"name":"(anonymous_0)","decl":{"start":{"line":1,"column":24},"end":{"line":1,"column":25}},"loc":{"start":{"line":1,"column":54},"end":{"line":9,"column":1}}},"1":{"name":"(anonymous_1)","decl":{"start":{"line":11,"column":24},"end":{"line":11,"column":25}},"loc":{"start":{"line":11,"column":54},"end":{"line":19,"column":1}}},"2":{"name":"(anonymous_2)","decl":{"start":{"line":21,"column":18},"end":{"line":21,"column":19}},"loc":{"start":{"line":21,"column":42},"end":{"line":30,"column":1}}},"3":{"name":"(anonymous_3)","decl":{"start":{"line":32,"column":26},"end":{"line":32,"column":null}},"loc":{"start":{"line":40,"column":12},"end":{"line":46,"column":1}}},"4":{"name":"(anonymous_4)","decl":{"start":{"line":48,"column":22},"end":{"line":48,"column":23}},"loc":{"start":{"line":48,"column":50},"end":{"line":54,"column":1}}},"5":{"name":"(anonymous_5)","decl":{"start":{"line":56,"column":19},"end":{"line":56,"column":20}},"loc":{"start":{"line":57,"column":4},"end":{"line":57,"column":50}}},"6":{"name":"(anonymous_6)","decl":{"start":{"line":59,"column":23},"end":{"line":59,"column":24}},"loc":{"start":{"line":60,"column":4},"end":{"line":60,"column":37}}}},"branchMap":{"0":{"loc":{"start":{"line":3,"column":4},"end":{"line":7,"column":null}},"type":"if","locations":[{"start":{"line":3,"column":4},"end":{"line":7,"column":null}}]},"1":{"loc":{"start":{"line":13,"column":4},"end":{"line":17,"column":null}},"type":"if","locations":[{"start":{"line":13,"column":4},"end":{"line":17,"column":null}}]},"2":{"loc":{"start":{"line":23,"column":4},"end":{"line":28,"column":null}},"type":"if","locations":[{"start":{"line":23,"column":4},"end":{"line":28,"column":null}}]},"3":{"loc":{"start":{"line":50,"column":4},"end":{"line":52,"column":null}},"type":"if","locations":[{"start":{"line":50,"column":4},"end":{"line":52,"column":null}}]}},"s":{"0":1,"1":1,"2":1,"3":1,"4":1,"5":1,"6":1,"7":1,"8":1,"9":1,"10":1,"11":1,"12":1,"13":1,"14":1,"15":1,"16":1,"17":1,"18":1,"19":1,"20":1,"21":1,"22":1,"23":1,"24":1,"25":1,"26":1,"27":1,"28":1,"29":1,"30":1,"31":1,"32":1,"33":1,"34":1,"35":1},"f":{"0":1,"1":1,"2":1,"3":1,"4":1,"5":1,"6":1},"b":{"0":[1],"1":[1],"2":[1],"3":[1]}}
}
