{"/home/fabiochiquezi/Desktop/Tool-MonorepoBoilerplate/helpers/back/crud/mongoose/errDBMsgs.ts": {"path":"/home/fabiochiquezi/Desktop/Tool-MonorepoBoilerplate/helpers/back/crud/mongoose/errDBMsgs.ts","statementMap":{"0":{"start":{"line":1,"column":13},"end":{"line":5,"column":null}}},"fnMap":{},"branchMap":{},"s":{"0":6},"f":{},"b":{}}
,"/home/fabiochiquezi/Desktop/Tool-MonorepoBoilerplate/helpers/back/crud/mongoose/scssDBMsgs.ts": {"path":"/home/fabiochiquezi/Desktop/Tool-MonorepoBoilerplate/helpers/back/crud/mongoose/scssDBMsgs.ts","statementMap":{"0":{"start":{"line":1,"column":13},"end":{"line":7,"column":null}}},"fnMap":{},"branchMap":{},"s":{"0":6},"f":{},"b":{}}
,"/home/fabiochiquezi/Desktop/Tool-MonorepoBoilerplate/helpers/back/crud/mongoose/delete/index.ts": {"path":"/home/fabiochiquezi/Desktop/Tool-MonorepoBoilerplate/helpers/back/crud/mongoose/delete/index.ts","statementMap":{"0":{"start":{"line":1,"column":0},"end":{"line":1,"column":40}},"1":{"start":{"line":2,"column":0},"end":{"line":2,"column":42}},"2":{"start":{"line":5,"column":32},"end":{"line":15,"column":null}},"3":{"start":{"line":5,"column":42},"end":{"line":15,"column":null}},"4":{"start":{"line":5,"column":53},"end":{"line":15,"column":null}},"5":{"start":{"line":6,"column":4},"end":{"line":14,"column":null}},"6":{"start":{"line":7,"column":8},"end":{"line":7,"column":null}},"7":{"start":{"line":8,"column":8},"end":{"line":11,"column":null}},"8":{"start":{"line":13,"column":8},"end":{"line":13,"column":null}},"9":{"start":{"line":5,"column":13},"end":{"line":5,"column":32}}},"fnMap":{"0":{"name":"(anonymous_7)","decl":{"start":{"line":5,"column":32},"end":{"line":5,"column":38}},"loc":{"start":{"line":5,"column":42},"end":{"line":15,"column":null}}},"1":{"name":"(anonymous_8)","decl":{"start":{"line":5,"column":42},"end":{"line":5,"column":48}},"loc":{"start":{"line":5,"column":53},"end":{"line":15,"column":null}}},"2":{"name":"(anonymous_9)","decl":{"start":{"line":5,"column":53},"end":{"line":5,"column":null}},"loc":{"start":{"line":5,"column":53},"end":{"line":15,"column":1}}}},"branchMap":{},"s":{"0":1,"1":1,"2":1,"3":2,"4":2,"5":2,"6":2,"7":1,"8":1,"9":1},"f":{"0":2,"1":2,"2":2},"b":{}}
,"/home/fabiochiquezi/Desktop/Tool-MonorepoBoilerplate/helpers/back/crud/mongoose/findByID/index.ts": {"path":"/home/fabiochiquezi/Desktop/Tool-MonorepoBoilerplate/helpers/back/crud/mongoose/findByID/index.ts","statementMap":{"0":{"start":{"line":1,"column":0},"end":{"line":1,"column":40}},"1":{"start":{"line":2,"column":0},"end":{"line":2,"column":42}},"2":{"start":{"line":5,"column":34},"end":{"line":20,"column":null}},"3":{"start":{"line":5,"column":44},"end":{"line":20,"column":null}},"4":{"start":{"line":5,"column":55},"end":{"line":20,"column":null}},"5":{"start":{"line":6,"column":4},"end":{"line":19,"column":null}},"6":{"start":{"line":7,"column":21},"end":{"line":7,"column":46}},"7":{"start":{"line":8,"column":8},"end":{"line":12,"column":null}},"8":{"start":{"line":14,"column":8},"end":{"line":18,"column":null}},"9":{"start":{"line":5,"column":13},"end":{"line":5,"column":34}}},"fnMap":{"0":{"name":"(anonymous_7)","decl":{"start":{"line":5,"column":34},"end":{"line":5,"column":40}},"loc":{"start":{"line":5,"column":44},"end":{"line":20,"column":null}}},"1":{"name":"(anonymous_8)","decl":{"start":{"line":5,"column":44},"end":{"line":5,"column":50}},"loc":{"start":{"line":5,"column":55},"end":{"line":20,"column":null}}},"2":{"name":"(anonymous_9)","decl":{"start":{"line":5,"column":55},"end":{"line":5,"column":null}},"loc":{"start":{"line":5,"column":55},"end":{"line":20,"column":1}}}},"branchMap":{},"s":{"0":1,"1":1,"2":1,"3":2,"4":2,"5":2,"6":2,"7":1,"8":1,"9":1},"f":{"0":2,"1":2,"2":2},"b":{}}
,"/home/fabiochiquezi/Desktop/Tool-MonorepoBoilerplate/helpers/back/crud/mongoose/findByIDAndDelete/index.ts": {"path":"/home/fabiochiquezi/Desktop/Tool-MonorepoBoilerplate/helpers/back/crud/mongoose/findByIDAndDelete/index.ts","statementMap":{"0":{"start":{"line":1,"column":0},"end":{"line":1,"column":40}},"1":{"start":{"line":2,"column":0},"end":{"line":2,"column":42}},"2":{"start":{"line":5,"column":43},"end":{"line":18,"column":null}},"3":{"start":{"line":5,"column":53},"end":{"line":18,"column":null}},"4":{"start":{"line":5,"column":64},"end":{"line":18,"column":null}},"5":{"start":{"line":6,"column":4},"end":{"line":17,"column":null}},"6":{"start":{"line":7,"column":8},"end":{"line":7,"column":null}},"7":{"start":{"line":8,"column":8},"end":{"line":11,"column":null}},"8":{"start":{"line":13,"column":8},"end":{"line":16,"column":null}},"9":{"start":{"line":5,"column":13},"end":{"line":5,"column":43}}},"fnMap":{"0":{"name":"(anonymous_7)","decl":{"start":{"line":5,"column":43},"end":{"line":5,"column":49}},"loc":{"start":{"line":5,"column":53},"end":{"line":18,"column":null}}},"1":{"name":"(anonymous_8)","decl":{"start":{"line":5,"column":53},"end":{"line":5,"column":59}},"loc":{"start":{"line":5,"column":64},"end":{"line":18,"column":null}}},"2":{"name":"(anonymous_9)","decl":{"start":{"line":5,"column":64},"end":{"line":5,"column":null}},"loc":{"start":{"line":5,"column":64},"end":{"line":18,"column":1}}}},"branchMap":{},"s":{"0":1,"1":1,"2":1,"3":2,"4":2,"5":2,"6":2,"7":1,"8":1,"9":1},"f":{"0":2,"1":2,"2":2},"b":{}}
,"/home/fabiochiquezi/Desktop/Tool-MonorepoBoilerplate/helpers/back/crud/mongoose/get/index.ts": {"path":"/home/fabiochiquezi/Desktop/Tool-MonorepoBoilerplate/helpers/back/crud/mongoose/get/index.ts","statementMap":{"0":{"start":{"line":1,"column":0},"end":{"line":1,"column":42}},"1":{"start":{"line":2,"column":0},"end":{"line":2,"column":40}},"2":{"start":{"line":5,"column":29},"end":{"line":16,"column":null}},"3":{"start":{"line":5,"column":44},"end":{"line":16,"column":null}},"4":{"start":{"line":6,"column":4},"end":{"line":15,"column":null}},"5":{"start":{"line":7,"column":21},"end":{"line":7,"column":40}},"6":{"start":{"line":8,"column":8},"end":{"line":8,"column":null}},"7":{"start":{"line":10,"column":8},"end":{"line":14,"column":null}},"8":{"start":{"line":5,"column":13},"end":{"line":5,"column":29}}},"fnMap":{"0":{"name":"(anonymous_7)","decl":{"start":{"line":5,"column":29},"end":{"line":5,"column":35}},"loc":{"start":{"line":5,"column":44},"end":{"line":16,"column":null}}},"1":{"name":"(anonymous_8)","decl":{"start":{"line":5,"column":44},"end":{"line":5,"column":null}},"loc":{"start":{"line":5,"column":44},"end":{"line":16,"column":1}}}},"branchMap":{},"s":{"0":1,"1":1,"2":1,"3":2,"4":2,"5":2,"6":1,"7":1,"8":1},"f":{"0":2,"1":2},"b":{}}
,"/home/fabiochiquezi/Desktop/Tool-MonorepoBoilerplate/helpers/back/crud/mongoose/post/index.ts": {"path":"/home/fabiochiquezi/Desktop/Tool-MonorepoBoilerplate/helpers/back/crud/mongoose/post/index.ts","statementMap":{"0":{"start":{"line":1,"column":0},"end":{"line":1,"column":40}},"1":{"start":{"line":2,"column":0},"end":{"line":2,"column":42}},"2":{"start":{"line":5,"column":30},"end":{"line":13,"column":null}},"3":{"start":{"line":5,"column":40},"end":{"line":13,"column":null}},"4":{"start":{"line":5,"column":53},"end":{"line":13,"column":null}},"5":{"start":{"line":6,"column":4},"end":{"line":12,"column":null}},"6":{"start":{"line":7,"column":21},"end":{"line":7,"column":37}},"7":{"start":{"line":8,"column":8},"end":{"line":8,"column":null}},"8":{"start":{"line":9,"column":8},"end":{"line":9,"column":null}},"9":{"start":{"line":11,"column":8},"end":{"line":11,"column":null}},"10":{"start":{"line":5,"column":13},"end":{"line":5,"column":30}}},"fnMap":{"0":{"name":"(anonymous_7)","decl":{"start":{"line":5,"column":30},"end":{"line":5,"column":36}},"loc":{"start":{"line":5,"column":40},"end":{"line":13,"column":null}}},"1":{"name":"(anonymous_8)","decl":{"start":{"line":5,"column":40},"end":{"line":5,"column":46}},"loc":{"start":{"line":5,"column":53},"end":{"line":13,"column":null}}},"2":{"name":"(anonymous_9)","decl":{"start":{"line":5,"column":53},"end":{"line":5,"column":null}},"loc":{"start":{"line":5,"column":53},"end":{"line":13,"column":1}}}},"branchMap":{},"s":{"0":1,"1":1,"2":1,"3":2,"4":2,"5":2,"6":2,"7":2,"8":1,"9":1,"10":1},"f":{"0":2,"1":2,"2":2},"b":{}}
,"/home/fabiochiquezi/Desktop/Tool-MonorepoBoilerplate/helpers/back/crud/mongoose/updateOne/index.ts": {"path":"/home/fabiochiquezi/Desktop/Tool-MonorepoBoilerplate/helpers/back/crud/mongoose/updateOne/index.ts","statementMap":{"0":{"start":{"line":1,"column":0},"end":{"line":1,"column":42}},"1":{"start":{"line":2,"column":0},"end":{"line":2,"column":40}},"2":{"start":{"line":5,"column":35},"end":{"line":15,"column":null}},"3":{"start":{"line":5,"column":42},"end":{"line":15,"column":null}},"4":{"start":{"line":5,"column":55},"end":{"line":15,"column":null}},"5":{"start":{"line":6,"column":4},"end":{"line":14,"column":null}},"6":{"start":{"line":7,"column":8},"end":{"line":7,"column":null}},"7":{"start":{"line":8,"column":8},"end":{"line":8,"column":null}},"8":{"start":{"line":10,"column":8},"end":{"line":13,"column":null}},"9":{"start":{"line":5,"column":13},"end":{"line":5,"column":35}}},"fnMap":{"0":{"name":"(anonymous_7)","decl":{"start":{"line":5,"column":35},"end":{"line":5,"column":38}},"loc":{"start":{"line":5,"column":42},"end":{"line":15,"column":null}}},"1":{"name":"(anonymous_8)","decl":{"start":{"line":5,"column":42},"end":{"line":5,"column":48}},"loc":{"start":{"line":5,"column":55},"end":{"line":15,"column":null}}},"2":{"name":"(anonymous_9)","decl":{"start":{"line":5,"column":55},"end":{"line":5,"column":null}},"loc":{"start":{"line":5,"column":55},"end":{"line":15,"column":1}}}},"branchMap":{},"s":{"0":1,"1":1,"2":1,"3":2,"4":2,"5":2,"6":2,"7":1,"8":1,"9":1},"f":{"0":2,"1":2,"2":2},"b":{}}
,"/home/fabiochiquezi/Desktop/Tool-MonorepoBoilerplate/helpers/back/responses/default/index.ts": {"path":"/home/fabiochiquezi/Desktop/Tool-MonorepoBoilerplate/helpers/back/responses/default/index.ts","statementMap":{"0":{"start":{"line":3,"column":27},"end":{"line":4,"column":56}},"1":{"start":{"line":4,"column":4},"end":{"line":4,"column":56}},"2":{"start":{"line":3,"column":13},"end":{"line":3,"column":27}}},"fnMap":{"0":{"name":"(anonymous_0)","decl":{"start":{"line":3,"column":27},"end":{"line":3,"column":28}},"loc":{"start":{"line":4,"column":4},"end":{"line":4,"column":56}}}},"branchMap":{"0":{"loc":{"start":{"line":3,"column":45},"end":{"line":3,"column":57}},"type":"default-arg","locations":[{"start":{"line":3,"column":55},"end":{"line":3,"column":57}}]},"1":{"loc":{"start":{"line":3,"column":59},"end":{"line":3,"column":68}},"type":"default-arg","locations":[{"start":{"line":3,"column":66},"end":{"line":3,"column":68}}]}},"s":{"0":1,"1":3,"2":1},"f":{"0":3},"b":{"0":[1],"1":[1]}}
,"/home/fabiochiquezi/Desktop/Tool-MonorepoBoilerplate/helpers/back/validations/validRequest/index.ts": {"path":"/home/fabiochiquezi/Desktop/Tool-MonorepoBoilerplate/helpers/back/validations/validRequest/index.ts","statementMap":{"0":{"start":{"line":3,"column":43},"end":{"line":8,"column":1}},"1":{"start":{"line":3,"column":56},"end":{"line":8,"column":1}},"2":{"start":{"line":4,"column":19},"end":{"line":4,"column":33}},"3":{"start":{"line":5,"column":27},"end":{"line":5,"column":44}},"4":{"start":{"line":6,"column":4},"end":{"line":6,"column":null}},"5":{"start":{"line":6,"column":24},"end":{"line":6,"column":null}},"6":{"start":{"line":7,"column":4},"end":{"line":7,"column":null}},"7":{"start":{"line":3,"column":13},"end":{"line":3,"column":43}}},"fnMap":{"0":{"name":"(anonymous_0)","decl":{"start":{"line":3,"column":43},"end":{"line":3,"column":52}},"loc":{"start":{"line":3,"column":56},"end":{"line":8,"column":1}}},"1":{"name":"(anonymous_1)","decl":{"start":{"line":3,"column":56},"end":{"line":3,"column":59}},"loc":{"start":{"line":3,"column":62},"end":{"line":8,"column":1}}}},"branchMap":{"0":{"loc":{"start":{"line":6,"column":4},"end":{"line":6,"column":null}},"type":"if","locations":[{"start":{"line":6,"column":4},"end":{"line":6,"column":null}}]}},"s":{"0":1,"1":2,"2":2,"3":2,"4":2,"5":1,"6":1,"7":1},"f":{"0":2,"1":2},"b":{"0":[1]}}
,"/home/fabiochiquezi/Desktop/Tool-MonorepoBoilerplate/helpers/front/device/index.ts": {"path":"/home/fabiochiquezi/Desktop/Tool-MonorepoBoilerplate/helpers/front/device/index.ts","statementMap":{"0":{"start":{"line":3,"column":0},"end":{"line":3,"column":null}},"1":{"start":{"line":4,"column":4},"end":{"line":4,"column":null}},"2":{"start":{"line":5,"column":4},"end":{"line":5,"column":null}},"3":{"start":{"line":6,"column":4},"end":{"line":6,"column":null}},"4":{"start":{"line":9,"column":21},"end":{"line":18,"column":1}},"5":{"start":{"line":10,"column":23},"end":{"line":10,"column":74}},"6":{"start":{"line":10,"column":42},"end":{"line":10,"column":74}},"7":{"start":{"line":11,"column":19},"end":{"line":11,"column":39}},"8":{"start":{"line":12,"column":19},"end":{"line":12,"column":63}},"9":{"start":{"line":13,"column":20},"end":{"line":13,"column":41}},"10":{"start":{"line":15,"column":4},"end":{"line":15,"column":null}},"11":{"start":{"line":15,"column":28},"end":{"line":15,"column":null}},"12":{"start":{"line":16,"column":4},"end":{"line":16,"column":null}},"13":{"start":{"line":16,"column":28},"end":{"line":16,"column":null}},"14":{"start":{"line":17,"column":4},"end":{"line":17,"column":null}},"15":{"start":{"line":17,"column":29},"end":{"line":17,"column":null}},"16":{"start":{"line":20,"column":17},"end":{"line":20,"column":79}},"17":{"start":{"line":20,"column":37},"end":{"line":20,"column":79}},"18":{"start":{"line":25,"column":9},"end":{"line":25,"column":17}},"19":{"start":{"line":21,"column":17},"end":{"line":21,"column":79}},"20":{"start":{"line":21,"column":37},"end":{"line":21,"column":79}},"21":{"start":{"line":25,"column":19},"end":{"line":25,"column":27}},"22":{"start":{"line":22,"column":18},"end":{"line":23,"column":47}},"23":{"start":{"line":23,"column":4},"end":{"line":23,"column":47}},"24":{"start":{"line":25,"column":29},"end":{"line":25,"column":38}}},"fnMap":{"0":{"name":"(anonymous_0)","decl":{"start":{"line":3,"column":0},"end":{"line":3,"column":5}},"loc":{"start":{"line":3,"column":15},"end":{"line":7,"column":1}}},"1":{"name":"(anonymous_1)","decl":{"start":{"line":9,"column":21},"end":{"line":9,"column":22}},"loc":{"start":{"line":9,"column":55},"end":{"line":18,"column":1}}},"2":{"name":"(anonymous_2)","decl":{"start":{"line":10,"column":23},"end":{"line":10,"column":24}},"loc":{"start":{"line":10,"column":42},"end":{"line":10,"column":74}}},"3":{"name":"(anonymous_3)","decl":{"start":{"line":20,"column":17},"end":{"line":20,"column":18}},"loc":{"start":{"line":20,"column":37},"end":{"line":20,"column":79}}},"4":{"name":"(anonymous_4)","decl":{"start":{"line":21,"column":17},"end":{"line":21,"column":18}},"loc":{"start":{"line":21,"column":37},"end":{"line":21,"column":79}}},"5":{"name":"(anonymous_5)","decl":{"start":{"line":22,"column":18},"end":{"line":22,"column":19}},"loc":{"start":{"line":23,"column":4},"end":{"line":23,"column":47}}}},"branchMap":{"0":{"loc":{"start":{"line":3,"column":5},"end":{"line":3,"column":null}},"type":"binary-expr","locations":[{"start":{"line":3,"column":5},"end":{"line":3,"column":15}},{"start":{"line":3,"column":5},"end":{"line":3,"column":null}}]},"1":{"loc":{"start":{"line":15,"column":4},"end":{"line":15,"column":null}},"type":"if","locations":[{"start":{"line":15,"column":4},"end":{"line":15,"column":null}}]},"2":{"loc":{"start":{"line":16,"column":4},"end":{"line":16,"column":null}},"type":"if","locations":[{"start":{"line":16,"column":4},"end":{"line":16,"column":null}}]},"3":{"loc":{"start":{"line":17,"column":4},"end":{"line":17,"column":null}},"type":"if","locations":[{"start":{"line":17,"column":4},"end":{"line":17,"column":null}}]}},"s":{"0":1,"1":1,"2":1,"3":1,"4":1,"5":6,"6":12,"7":6,"8":6,"9":6,"10":6,"11":2,"12":4,"13":2,"14":2,"15":2,"16":1,"17":2,"18":1,"19":1,"20":2,"21":1,"22":1,"23":2,"24":1},"f":{"0":1,"1":6,"2":12,"3":2,"4":2,"5":2},"b":{"0":[1,1],"1":[2],"2":[2],"3":[2]}}
,"/home/fabiochiquezi/Desktop/Tool-MonorepoBoilerplate/helpers/front/responses/default/index.ts": {"path":"/home/fabiochiquezi/Desktop/Tool-MonorepoBoilerplate/helpers/front/responses/default/index.ts","statementMap":{"0":{"start":{"line":3,"column":28},"end":{"line":8,"column":2}},"1":{"start":{"line":3,"column":69},"end":{"line":8,"column":2}},"2":{"start":{"line":10,"column":9},"end":{"line":10,"column":17}}},"fnMap":{"0":{"name":"(anonymous_0)","decl":{"start":{"line":3,"column":28},"end":{"line":3,"column":29}},"loc":{"start":{"line":3,"column":69},"end":{"line":8,"column":2}}}},"branchMap":{"0":{"loc":{"start":{"line":3,"column":42},"end":{"line":3,"column":51}},"type":"default-arg","locations":[{"start":{"line":3,"column":49},"end":{"line":3,"column":51}}]},"1":{"loc":{"start":{"line":3,"column":53},"end":{"line":3,"column":63}},"type":"default-arg","locations":[{"start":{"line":3,"column":62},"end":{"line":3,"column":63}}]}},"s":{"0":1,"1":3,"2":1},"f":{"0":3},"b":{"0":[1],"1":[1]}}
,"/home/fabiochiquezi/Desktop/Tool-MonorepoBoilerplate/helpers/general/formatData/index.ts": {"path":"/home/fabiochiquezi/Desktop/Tool-MonorepoBoilerplate/helpers/general/formatData/index.ts","statementMap":{"0":{"start":{"line":1,"column":24},"end":{"line":9,"column":1}},"1":{"start":{"line":2,"column":26},"end":{"line":2,"column":28}},"2":{"start":{"line":3,"column":4},"end":{"line":7,"column":null}},"3":{"start":{"line":4,"column":8},"end":{"line":4,"column":null}},"4":{"start":{"line":5,"column":8},"end":{"line":5,"column":null}},"5":{"start":{"line":6,"column":8},"end":{"line":6,"column":null}},"6":{"start":{"line":8,"column":4},"end":{"line":8,"column":null}},"7":{"start":{"line":11,"column":24},"end":{"line":19,"column":1}},"8":{"start":{"line":12,"column":26},"end":{"line":12,"column":28}},"9":{"start":{"line":13,"column":4},"end":{"line":17,"column":null}},"10":{"start":{"line":14,"column":8},"end":{"line":14,"column":null}},"11":{"start":{"line":15,"column":8},"end":{"line":15,"column":null}},"12":{"start":{"line":16,"column":8},"end":{"line":16,"column":null}},"13":{"start":{"line":18,"column":4},"end":{"line":18,"column":null}},"14":{"start":{"line":21,"column":18},"end":{"line":30,"column":1}},"15":{"start":{"line":22,"column":20},"end":{"line":22,"column":22}},"16":{"start":{"line":23,"column":4},"end":{"line":28,"column":null}},"17":{"start":{"line":24,"column":8},"end":{"line":24,"column":null}},"18":{"start":{"line":25,"column":8},"end":{"line":25,"column":null}},"19":{"start":{"line":26,"column":8},"end":{"line":26,"column":null}},"20":{"start":{"line":27,"column":8},"end":{"line":27,"column":null}},"21":{"start":{"line":29,"column":4},"end":{"line":29,"column":null}},"22":{"start":{"line":32,"column":26},"end":{"line":46,"column":1}},"23":{"start":{"line":41,"column":28},"end":{"line":41,"column":30}},"24":{"start":{"line":43,"column":4},"end":{"line":43,"column":null}},"25":{"start":{"line":45,"column":4},"end":{"line":45,"column":null}},"26":{"start":{"line":48,"column":22},"end":{"line":54,"column":1}},"27":{"start":{"line":49,"column":24},"end":{"line":49,"column":26}},"28":{"start":{"line":50,"column":4},"end":{"line":52,"column":null}},"29":{"start":{"line":51,"column":8},"end":{"line":51,"column":null}},"30":{"start":{"line":53,"column":4},"end":{"line":53,"column":null}},"31":{"start":{"line":56,"column":19},"end":{"line":57,"column":50}},"32":{"start":{"line":57,"column":4},"end":{"line":57,"column":50}},"33":{"start":{"line":59,"column":23},"end":{"line":60,"column":37}},"34":{"start":{"line":60,"column":4},"end":{"line":60,"column":37}},"35":{"start":{"line":62,"column":13},"end":{"line":70,"column":null}}},"fnMap":{"0":{"name":"(anonymous_0)","decl":{"start":{"line":1,"column":24},"end":{"line":1,"column":25}},"loc":{"start":{"line":1,"column":54},"end":{"line":9,"column":1}}},"1":{"name":"(anonymous_1)","decl":{"start":{"line":11,"column":24},"end":{"line":11,"column":25}},"loc":{"start":{"line":11,"column":54},"end":{"line":19,"column":1}}},"2":{"name":"(anonymous_2)","decl":{"start":{"line":21,"column":18},"end":{"line":21,"column":19}},"loc":{"start":{"line":21,"column":42},"end":{"line":30,"column":1}}},"3":{"name":"(anonymous_3)","decl":{"start":{"line":32,"column":26},"end":{"line":32,"column":null}},"loc":{"start":{"line":40,"column":12},"end":{"line":46,"column":1}}},"4":{"name":"(anonymous_4)","decl":{"start":{"line":48,"column":22},"end":{"line":48,"column":23}},"loc":{"start":{"line":48,"column":50},"end":{"line":54,"column":1}}},"5":{"name":"(anonymous_5)","decl":{"start":{"line":56,"column":19},"end":{"line":56,"column":20}},"loc":{"start":{"line":57,"column":4},"end":{"line":57,"column":50}}},"6":{"name":"(anonymous_6)","decl":{"start":{"line":59,"column":23},"end":{"line":59,"column":24}},"loc":{"start":{"line":60,"column":4},"end":{"line":60,"column":37}}}},"branchMap":{"0":{"loc":{"start":{"line":3,"column":4},"end":{"line":7,"column":null}},"type":"if","locations":[{"start":{"line":3,"column":4},"end":{"line":7,"column":null}}]},"1":{"loc":{"start":{"line":13,"column":4},"end":{"line":17,"column":null}},"type":"if","locations":[{"start":{"line":13,"column":4},"end":{"line":17,"column":null}}]},"2":{"loc":{"start":{"line":23,"column":4},"end":{"line":28,"column":null}},"type":"if","locations":[{"start":{"line":23,"column":4},"end":{"line":28,"column":null}}]},"3":{"loc":{"start":{"line":50,"column":4},"end":{"line":52,"column":null}},"type":"if","locations":[{"start":{"line":50,"column":4},"end":{"line":52,"column":null}}]}},"s":{"0":1,"1":1,"2":1,"3":1,"4":1,"5":1,"6":1,"7":1,"8":1,"9":1,"10":1,"11":1,"12":1,"13":1,"14":1,"15":1,"16":1,"17":1,"18":1,"19":1,"20":1,"21":1,"22":1,"23":1,"24":1,"25":1,"26":1,"27":1,"28":1,"29":1,"30":1,"31":1,"32":1,"33":1,"34":1,"35":1},"f":{"0":1,"1":1,"2":1,"3":1,"4":1,"5":1,"6":1},"b":{"0":[1],"1":[1],"2":[1],"3":[1]}}
}
