TN:
SF:back/crud/mongoose/errDBMsgs.ts
FNF:0
FNH:0
DA:1,6
LF:1
LH:1
BRF:0
BRH:0
end_of_record
TN:
SF:back/crud/mongoose/scssDBMsgs.ts
FNF:0
FNH:0
DA:1,6
LF:1
LH:1
BRF:0
BRH:0
end_of_record
TN:
SF:back/crud/mongoose/delete/index.ts
FN:5,(anonymous_7)
FN:5,(anonymous_8)
FN:5,(anonymous_9)
FNF:3
FNH:3
FNDA:2,(anonymous_7)
FNDA:2,(anonymous_8)
FNDA:2,(anonymous_9)
DA:1,1
DA:2,1
DA:5,2
DA:6,2
DA:7,2
DA:8,1
DA:13,1
LF:7
LH:7
BRF:0
BRH:0
end_of_record
TN:
SF:back/crud/mongoose/findByID/index.ts
FN:5,(anonymous_7)
FN:5,(anonymous_8)
FN:5,(anonymous_9)
FNF:3
FNH:3
FNDA:2,(anonymous_7)
FNDA:2,(anonymous_8)
FNDA:2,(anonymous_9)
DA:1,1
DA:2,1
DA:5,2
DA:6,2
DA:7,2
DA:8,1
DA:14,1
LF:7
LH:7
BRF:0
BRH:0
end_of_record
TN:
SF:back/crud/mongoose/findByIDAndDelete/index.ts
FN:5,(anonymous_7)
FN:5,(anonymous_8)
FN:5,(anonymous_9)
FNF:3
FNH:3
FNDA:2,(anonymous_7)
FNDA:2,(anonymous_8)
FNDA:2,(anonymous_9)
DA:1,1
DA:2,1
DA:5,2
DA:6,2
DA:7,2
DA:8,1
DA:13,1
LF:7
LH:7
BRF:0
BRH:0
end_of_record
TN:
SF:back/crud/mongoose/get/index.ts
FN:5,(anonymous_7)
FN:5,(anonymous_8)
FNF:2
FNH:2
FNDA:2,(anonymous_7)
FNDA:2,(anonymous_8)
DA:1,1
DA:2,1
DA:5,2
DA:6,2
DA:7,2
DA:8,1
DA:10,1
LF:7
LH:7
BRF:0
BRH:0
end_of_record
TN:
SF:back/crud/mongoose/post/index.ts
FN:5,(anonymous_7)
FN:5,(anonymous_8)
FN:5,(anonymous_9)
FNF:3
FNH:3
FNDA:2,(anonymous_7)
FNDA:2,(anonymous_8)
FNDA:2,(anonymous_9)
DA:1,1
DA:2,1
DA:5,2
DA:6,2
DA:7,2
DA:8,2
DA:9,1
DA:11,1
LF:8
LH:8
BRF:0
BRH:0
end_of_record
TN:
SF:back/crud/mongoose/updateOne/index.ts
FN:5,(anonymous_7)
FN:5,(anonymous_8)
FN:5,(anonymous_9)
FNF:3
FNH:3
FNDA:2,(anonymous_7)
FNDA:2,(anonymous_8)
FNDA:2,(anonymous_9)
DA:1,1
DA:2,1
DA:5,2
DA:6,2
DA:7,2
DA:8,1
DA:10,1
LF:7
LH:7
BRF:0
BRH:0
end_of_record
TN:
SF:back/responses/default/index.ts
FN:3,(anonymous_0)
FNF:1
FNH:1
FNDA:3,(anonymous_0)
DA:3,1
DA:4,3
LF:2
LH:2
BRDA:3,0,0,1
BRDA:3,1,0,1
BRF:2
BRH:2
end_of_record
TN:
SF:back/validations/validRequest/index.ts
FN:3,(anonymous_0)
FN:3,(anonymous_1)
FNF:2
FNH:2
FNDA:2,(anonymous_0)
FNDA:2,(anonymous_1)
DA:3,2
DA:4,2
DA:5,2
DA:6,2
DA:7,1
LF:5
LH:5
BRDA:6,0,0,1
BRF:1
BRH:1
end_of_record
TN:
SF:front/device/index.ts
FN:3,(anonymous_0)
FN:9,(anonymous_1)
FN:10,(anonymous_2)
FN:20,(anonymous_3)
FN:21,(anonymous_4)
FN:22,(anonymous_5)
FNF:6
FNH:6
FNDA:1,(anonymous_0)
FNDA:6,(anonymous_1)
FNDA:12,(anonymous_2)
FNDA:2,(anonymous_3)
FNDA:2,(anonymous_4)
FNDA:2,(anonymous_5)
DA:3,1
DA:4,1
DA:5,1
DA:6,1
DA:9,1
DA:10,12
DA:11,6
DA:12,6
DA:13,6
DA:15,6
DA:16,4
DA:17,2
DA:20,2
DA:21,2
DA:22,1
DA:23,2
DA:25,1
LF:17
LH:17
BRDA:3,0,0,1
BRDA:3,0,1,1
BRDA:15,1,0,2
BRDA:16,2,0,2
BRDA:17,3,0,2
BRF:5
BRH:5
end_of_record
TN:
SF:front/responses/default/index.ts
FN:3,(anonymous_0)
FNF:1
FNH:1
FNDA:3,(anonymous_0)
DA:3,3
DA:10,1
LF:2
LH:2
BRDA:3,0,0,1
BRDA:3,1,0,1
BRF:2
BRH:2
end_of_record
TN:
SF:general/formatData/index.ts
FN:1,(anonymous_0)
FN:11,(anonymous_1)
FN:21,(anonymous_2)
FN:32,(anonymous_3)
FN:48,(anonymous_4)
FN:56,(anonymous_5)
FN:59,(anonymous_6)
FNF:7
FNH:7
FNDA:1,(anonymous_0)
FNDA:1,(anonymous_1)
FNDA:1,(anonymous_2)
FNDA:1,(anonymous_3)
FNDA:1,(anonymous_4)
FNDA:1,(anonymous_5)
FNDA:1,(anonymous_6)
DA:1,1
DA:2,1
DA:3,1
DA:4,1
DA:5,1
DA:6,1
DA:8,1
DA:11,1
DA:12,1
DA:13,1
DA:14,1
DA:15,1
DA:16,1
DA:18,1
DA:21,1
DA:22,1
DA:23,1
DA:24,1
DA:25,1
DA:26,1
DA:27,1
DA:29,1
DA:32,1
DA:41,1
DA:43,1
DA:45,1
DA:48,1
DA:49,1
DA:50,1
DA:51,1
DA:53,1
DA:56,1
DA:57,1
DA:59,1
DA:60,1
DA:62,1
LF:36
LH:36
BRDA:3,0,0,1
BRDA:13,1,0,1
BRDA:23,2,0,1
BRDA:50,3,0,1
BRF:4
BRH:4
end_of_record
