{"/home/fabiochiquezi/Desktop/Tool-MonorepoBoilerplate/libraries/services/firebase-auth/auth/signIn/index.ts": {"path":"/home/fabiochiquezi/Desktop/Tool-MonorepoBoilerplate/libraries/services/firebase-auth/auth/signIn/index.ts","statementMap":{"0":{"start":{"line":4,"column":4},"end":{"line":15,"column":null}},"1":{"start":{"line":4,"column":42},"end":{"line":15,"column":null}},"2":{"start":{"line":4,"column":50},"end":{"line":15,"column":null}},"3":{"start":{"line":4,"column":63},"end":{"line":15,"column":null}},"4":{"start":{"line":5,"column":8},"end":{"line":14,"column":null}},"5":{"start":{"line":6,"column":40},"end":{"line":6,"column":44}},"6":{"start":{"line":7,"column":31},"end":{"line":7,"column":66}},"7":{"start":{"line":8,"column":25},"end":{"line":8,"column":40}},"8":{"start":{"line":9,"column":28},"end":{"line":9,"column":48}},"9":{"start":{"line":10,"column":12},"end":{"line":10,"column":null}},"10":{"start":{"line":12,"column":26},"end":{"line":12,"column":43}},"11":{"start":{"line":13,"column":12},"end":{"line":13,"column":null}},"12":{"start":{"line":3,"column":13},"end":{"line":3,"column":null}}},"fnMap":{"0":{"name":"(anonymous_7)","decl":{"start":{"line":4,"column":4},"end":{"line":4,"column":5}},"loc":{"start":{"line":4,"column":42},"end":{"line":15,"column":null}}},"1":{"name":"(anonymous_8)","decl":{"start":{"line":4,"column":42},"end":{"line":4,"column":46}},"loc":{"start":{"line":4,"column":50},"end":{"line":15,"column":null}}},"2":{"name":"(anonymous_9)","decl":{"start":{"line":4,"column":50},"end":{"line":4,"column":56}},"loc":{"start":{"line":4,"column":63},"end":{"line":15,"column":null}}},"3":{"name":"(anonymous_10)","decl":{"start":{"line":4,"column":63},"end":{"line":4,"column":null}},"loc":{"start":{"line":4,"column":63},"end":{"line":15,"column":5}}}},"branchMap":{},"s":{"0":1,"1":2,"2":2,"3":2,"4":2,"5":2,"6":2,"7":1,"8":1,"9":1,"10":1,"11":1,"12":1},"f":{"0":2,"1":2,"2":2,"3":2},"b":{}}
,"/home/fabiochiquezi/Desktop/Tool-MonorepoBoilerplate/libraries/services/firebase-auth/auth/signOut/index.ts": {"path":"/home/fabiochiquezi/Desktop/Tool-MonorepoBoilerplate/libraries/services/firebase-auth/auth/signOut/index.ts","statementMap":{"0":{"start":{"line":4,"column":4},"end":{"line":12,"column":null}},"1":{"start":{"line":4,"column":43},"end":{"line":12,"column":null}},"2":{"start":{"line":4,"column":51},"end":{"line":12,"column":null}},"3":{"start":{"line":4,"column":62},"end":{"line":12,"column":null}},"4":{"start":{"line":5,"column":8},"end":{"line":11,"column":null}},"5":{"start":{"line":6,"column":12},"end":{"line":6,"column":null}},"6":{"start":{"line":7,"column":12},"end":{"line":7,"column":null}},"7":{"start":{"line":9,"column":26},"end":{"line":9,"column":43}},"8":{"start":{"line":10,"column":12},"end":{"line":10,"column":null}},"9":{"start":{"line":3,"column":13},"end":{"line":3,"column":null}}},"fnMap":{"0":{"name":"(anonymous_7)","decl":{"start":{"line":4,"column":4},"end":{"line":4,"column":5}},"loc":{"start":{"line":4,"column":43},"end":{"line":12,"column":null}}},"1":{"name":"(anonymous_8)","decl":{"start":{"line":4,"column":43},"end":{"line":4,"column":47}},"loc":{"start":{"line":4,"column":51},"end":{"line":12,"column":null}}},"2":{"name":"(anonymous_9)","decl":{"start":{"line":4,"column":51},"end":{"line":4,"column":60}},"loc":{"start":{"line":4,"column":62},"end":{"line":12,"column":null}}},"3":{"name":"(anonymous_10)","decl":{"start":{"line":4,"column":62},"end":{"line":4,"column":null}},"loc":{"start":{"line":4,"column":62},"end":{"line":12,"column":5}}}},"branchMap":{},"s":{"0":1,"1":2,"2":2,"3":2,"4":2,"5":2,"6":1,"7":1,"8":1,"9":1},"f":{"0":2,"1":2,"2":2,"3":2},"b":{}}
,"/home/fabiochiquezi/Desktop/Tool-MonorepoBoilerplate/libraries/services/firebase-auth/auth/signUp/index.ts": {"path":"/home/fabiochiquezi/Desktop/Tool-MonorepoBoilerplate/libraries/services/firebase-auth/auth/signUp/index.ts","statementMap":{"0":{"start":{"line":1,"column":0},"end":{"line":1,"column":51}},"1":{"start":{"line":5,"column":4},"end":{"line":14,"column":null}},"2":{"start":{"line":5,"column":29},"end":{"line":14,"column":null}},"3":{"start":{"line":5,"column":37},"end":{"line":14,"column":null}},"4":{"start":{"line":5,"column":50},"end":{"line":14,"column":null}},"5":{"start":{"line":6,"column":8},"end":{"line":13,"column":null}},"6":{"start":{"line":7,"column":40},"end":{"line":7,"column":44}},"7":{"start":{"line":8,"column":28},"end":{"line":8,"column":63}},"8":{"start":{"line":9,"column":12},"end":{"line":9,"column":null}},"9":{"start":{"line":11,"column":26},"end":{"line":11,"column":43}},"10":{"start":{"line":12,"column":12},"end":{"line":12,"column":null}},"11":{"start":{"line":4,"column":13},"end":{"line":4,"column":null}}},"fnMap":{"0":{"name":"(anonymous_7)","decl":{"start":{"line":5,"column":4},"end":{"line":5,"column":5}},"loc":{"start":{"line":5,"column":29},"end":{"line":14,"column":null}}},"1":{"name":"(anonymous_8)","decl":{"start":{"line":5,"column":29},"end":{"line":5,"column":33}},"loc":{"start":{"line":5,"column":37},"end":{"line":14,"column":null}}},"2":{"name":"(anonymous_9)","decl":{"start":{"line":5,"column":37},"end":{"line":5,"column":43}},"loc":{"start":{"line":5,"column":50},"end":{"line":14,"column":null}}},"3":{"name":"(anonymous_10)","decl":{"start":{"line":5,"column":50},"end":{"line":5,"column":null}},"loc":{"start":{"line":5,"column":50},"end":{"line":14,"column":5}}}},"branchMap":{},"s":{"0":1,"1":1,"2":2,"3":2,"4":2,"5":2,"6":2,"7":2,"8":1,"9":1,"10":1,"11":1},"f":{"0":2,"1":2,"2":2,"3":2},"b":{}}
}
