{"/home/fabiochiquezi/Desktop/Tool-MonorepoBoilerplate/services/firebase-auth/config.ts": {"path":"/home/fabiochiquezi/Desktop/Tool-MonorepoBoilerplate/services/firebase-auth/config.ts","statementMap":{"0":{"start":{"line":2,"column":0},"end":{"line":2,"column":44}},"1":{"start":{"line":3,"column":0},"end":{"line":3,"column":60}},"2":{"start":{"line":5,"column":23},"end":{"line":13,"column":null}},"3":{"start":{"line":28,"column":12},"end":{"line":28,"column":41}},"4":{"start":{"line":29,"column":13},"end":{"line":29,"column":null}},"5":{"start":{"line":32,"column":0},"end":{"line":34,"column":null}},"6":{"start":{"line":33,"column":4},"end":{"line":33,"column":null}}},"fnMap":{},"branchMap":{"0":{"loc":{"start":{"line":32,"column":0},"end":{"line":34,"column":null}},"type":"if","locations":[{"start":{"line":32,"column":0},"end":{"line":34,"column":null}}]}},"s":{"0":0,"1":0,"2":0,"3":0,"4":0,"5":0,"6":0},"f":{},"b":{"0":[0]}}
,"/home/fabiochiquezi/Desktop/Tool-MonorepoBoilerplate/services/firebase-auth/index.ts": {"path":"/home/fabiochiquezi/Desktop/Tool-MonorepoBoilerplate/services/firebase-auth/index.ts","statementMap":{"0":{"start":{"line":1,"column":0},"end":{"line":1,"column":32}},"1":{"start":{"line":2,"column":0},"end":{"line":2,"column":29}},"2":{"start":{"line":3,"column":0},"end":{"line":3,"column":30}},"3":{"start":{"line":4,"column":0},"end":{"line":4,"column":29}}},"fnMap":{},"branchMap":{},"s":{"0":0,"1":0,"2":0,"3":0},"f":{},"b":{}}
,"/home/fabiochiquezi/Desktop/Tool-MonorepoBoilerplate/services/firebase-auth/auth/errMessages.ts": {"path":"/home/fabiochiquezi/Desktop/Tool-MonorepoBoilerplate/services/firebase-auth/auth/errMessages.ts","statementMap":{"0":{"start":{"line":2,"column":4},"end":{"line":2,"column":91}},"1":{"start":{"line":4,"column":13},"end":{"line":13,"column":null}},"2":{"start":{"line":15,"column":24},"end":{"line":36,"column":1}},"3":{"start":{"line":16,"column":4},"end":{"line":35,"column":null}},"4":{"start":{"line":18,"column":12},"end":{"line":18,"column":null}},"5":{"start":{"line":20,"column":12},"end":{"line":20,"column":null}},"6":{"start":{"line":22,"column":12},"end":{"line":22,"column":null}},"7":{"start":{"line":24,"column":12},"end":{"line":24,"column":null}},"8":{"start":{"line":26,"column":12},"end":{"line":26,"column":null}},"9":{"start":{"line":28,"column":12},"end":{"line":28,"column":null}},"10":{"start":{"line":30,"column":12},"end":{"line":30,"column":null}},"11":{"start":{"line":32,"column":12},"end":{"line":32,"column":null}},"12":{"start":{"line":34,"column":12},"end":{"line":34,"column":null}},"13":{"start":{"line":15,"column":13},"end":{"line":15,"column":24}}},"fnMap":{"0":{"name":"(anonymous_0)","decl":{"start":{"line":15,"column":24},"end":{"line":15,"column":25}},"loc":{"start":{"line":15,"column":50},"end":{"line":36,"column":1}}}},"branchMap":{"0":{"loc":{"start":{"line":16,"column":4},"end":{"line":35,"column":null}},"type":"switch","locations":[{"start":{"line":17,"column":8},"end":{"line":18,"column":null}},{"start":{"line":19,"column":8},"end":{"line":20,"column":null}},{"start":{"line":21,"column":8},"end":{"line":22,"column":null}},{"start":{"line":23,"column":8},"end":{"line":24,"column":null}},{"start":{"line":25,"column":8},"end":{"line":26,"column":null}},{"start":{"line":27,"column":8},"end":{"line":28,"column":null}},{"start":{"line":29,"column":8},"end":{"line":30,"column":null}},{"start":{"line":31,"column":8},"end":{"line":32,"column":null}},{"start":{"line":33,"column":8},"end":{"line":34,"column":null}}]}},"s":{"0":0,"1":0,"2":0,"3":0,"4":0,"5":0,"6":0,"7":0,"8":0,"9":0,"10":0,"11":0,"12":0,"13":0},"f":{"0":0},"b":{"0":[0,0,0,0,0,0,0,0,0]}}
,"/home/fabiochiquezi/Desktop/Tool-MonorepoBoilerplate/services/firebase-auth/auth/successMessages.ts": {"path":"/home/fabiochiquezi/Desktop/Tool-MonorepoBoilerplate/services/firebase-auth/auth/successMessages.ts","statementMap":{"0":{"start":{"line":1,"column":13},"end":{"line":5,"column":null}}},"fnMap":{},"branchMap":{},"s":{"0":0},"f":{},"b":{}}
,"/home/fabiochiquezi/Desktop/Tool-MonorepoBoilerplate/services/firebase-auth/auth/authState/index.ts": {"path":"/home/fabiochiquezi/Desktop/Tool-MonorepoBoilerplate/services/firebase-auth/auth/authState/index.ts","statementMap":{"0":{"start":{"line":1,"column":0},"end":{"line":1,"column":56}},"1":{"start":{"line":2,"column":0},"end":{"line":2,"column":35}},"2":{"start":{"line":4,"column":26},"end":{"line":5,"column":32}},"3":{"start":{"line":4,"column":42},"end":{"line":5,"column":32}},"4":{"start":{"line":5,"column":4},"end":{"line":5,"column":32}},"5":{"start":{"line":7,"column":13},"end":{"line":7,"column":null}}},"fnMap":{"0":{"name":"(anonymous_0)","decl":{"start":{"line":4,"column":26},"end":{"line":4,"column":27}},"loc":{"start":{"line":4,"column":42},"end":{"line":5,"column":32}}},"1":{"name":"(anonymous_1)","decl":{"start":{"line":4,"column":42},"end":{"line":4,"column":43}},"loc":{"start":{"line":5,"column":4},"end":{"line":5,"column":32}}}},"branchMap":{},"s":{"0":0,"1":0,"2":0,"3":0,"4":0,"5":0},"f":{"0":0,"1":0},"b":{}}
,"/home/fabiochiquezi/Desktop/Tool-MonorepoBoilerplate/services/firebase-auth/auth/signIn/index.ts": {"path":"/home/fabiochiquezi/Desktop/Tool-MonorepoBoilerplate/services/firebase-auth/auth/signIn/index.ts","statementMap":{"0":{"start":{"line":1,"column":0},"end":{"line":1,"column":58}},"1":{"start":{"line":2,"column":0},"end":{"line":2,"column":51}},"2":{"start":{"line":3,"column":0},"end":{"line":3,"column":41}},"3":{"start":{"line":4,"column":0},"end":{"line":4,"column":40}},"4":{"start":{"line":5,"column":0},"end":{"line":5,"column":35}},"5":{"start":{"line":9,"column":4},"end":{"line":22,"column":null}},"6":{"start":{"line":9,"column":48},"end":{"line":22,"column":null}},"7":{"start":{"line":9,"column":61},"end":{"line":22,"column":null}},"8":{"start":{"line":10,"column":8},"end":{"line":21,"column":null}},"9":{"start":{"line":11,"column":40},"end":{"line":11,"column":44}},"10":{"start":{"line":12,"column":31},"end":{"line":12,"column":66}},"11":{"start":{"line":13,"column":25},"end":{"line":13,"column":40}},"12":{"start":{"line":14,"column":28},"end":{"line":14,"column":48}},"13":{"start":{"line":15,"column":12},"end":{"line":15,"column":null}},"14":{"start":{"line":17,"column":12},"end":{"line":17,"column":null}},"15":{"start":{"line":18,"column":26},"end":{"line":18,"column":43}},"16":{"start":{"line":19,"column":12},"end":{"line":19,"column":null}},"17":{"start":{"line":20,"column":12},"end":{"line":20,"column":null}},"18":{"start":{"line":24,"column":13},"end":{"line":30,"column":null}}},"fnMap":{"0":{"name":"(anonymous_7)","decl":{"start":{"line":9,"column":4},"end":{"line":9,"column":5}},"loc":{"start":{"line":9,"column":48},"end":{"line":22,"column":null}}},"1":{"name":"(anonymous_8)","decl":{"start":{"line":9,"column":48},"end":{"line":9,"column":54}},"loc":{"start":{"line":9,"column":61},"end":{"line":22,"column":null}}},"2":{"name":"(anonymous_9)","decl":{"start":{"line":9,"column":61},"end":{"line":9,"column":null}},"loc":{"start":{"line":9,"column":61},"end":{"line":22,"column":5}}}},"branchMap":{},"s":{"0":0,"1":0,"2":0,"3":0,"4":0,"5":0,"6":0,"7":0,"8":0,"9":0,"10":0,"11":0,"12":0,"13":0,"14":0,"15":0,"16":0,"17":0,"18":0},"f":{"0":0,"1":0,"2":0},"b":{}}
,"/home/fabiochiquezi/Desktop/Tool-MonorepoBoilerplate/services/firebase-auth/auth/signOut/index.ts": {"path":"/home/fabiochiquezi/Desktop/Tool-MonorepoBoilerplate/services/firebase-auth/auth/signOut/index.ts","statementMap":{"0":{"start":{"line":1,"column":0},"end":{"line":1,"column":51}},"1":{"start":{"line":2,"column":0},"end":{"line":2,"column":41}},"2":{"start":{"line":3,"column":0},"end":{"line":3,"column":40}},"3":{"start":{"line":4,"column":0},"end":{"line":4,"column":39}},"4":{"start":{"line":5,"column":0},"end":{"line":5,"column":35}},"5":{"start":{"line":9,"column":4},"end":{"line":17,"column":null}},"6":{"start":{"line":9,"column":49},"end":{"line":17,"column":null}},"7":{"start":{"line":9,"column":60},"end":{"line":17,"column":null}},"8":{"start":{"line":10,"column":8},"end":{"line":16,"column":null}},"9":{"start":{"line":11,"column":12},"end":{"line":11,"column":null}},"10":{"start":{"line":12,"column":12},"end":{"line":12,"column":null}},"11":{"start":{"line":14,"column":26},"end":{"line":14,"column":43}},"12":{"start":{"line":15,"column":12},"end":{"line":15,"column":null}},"13":{"start":{"line":19,"column":13},"end":{"line":25,"column":null}}},"fnMap":{"0":{"name":"(anonymous_7)","decl":{"start":{"line":9,"column":4},"end":{"line":9,"column":5}},"loc":{"start":{"line":9,"column":49},"end":{"line":17,"column":null}}},"1":{"name":"(anonymous_8)","decl":{"start":{"line":9,"column":49},"end":{"line":9,"column":58}},"loc":{"start":{"line":9,"column":60},"end":{"line":17,"column":null}}},"2":{"name":"(anonymous_9)","decl":{"start":{"line":9,"column":60},"end":{"line":9,"column":null}},"loc":{"start":{"line":9,"column":60},"end":{"line":17,"column":5}}}},"branchMap":{},"s":{"0":0,"1":0,"2":0,"3":0,"4":0,"5":0,"6":0,"7":0,"8":0,"9":0,"10":0,"11":0,"12":0,"13":0},"f":{"0":0,"1":0,"2":0},"b":{}}
,"/home/fabiochiquezi/Desktop/Tool-MonorepoBoilerplate/services/firebase-auth/auth/signUp/index.ts": {"path":"/home/fabiochiquezi/Desktop/Tool-MonorepoBoilerplate/services/firebase-auth/auth/signUp/index.ts","statementMap":{"0":{"start":{"line":1,"column":0},"end":{"line":1,"column":76}},"1":{"start":{"line":2,"column":0},"end":{"line":2,"column":51}},"2":{"start":{"line":3,"column":0},"end":{"line":3,"column":40}},"3":{"start":{"line":4,"column":0},"end":{"line":4,"column":41}},"4":{"start":{"line":5,"column":0},"end":{"line":5,"column":35}},"5":{"start":{"line":8,"column":32},"end":{"line":17,"column":null}},"6":{"start":{"line":8,"column":57},"end":{"line":17,"column":null}},"7":{"start":{"line":8,"column":70},"end":{"line":17,"column":null}},"8":{"start":{"line":9,"column":4},"end":{"line":16,"column":null}},"9":{"start":{"line":10,"column":36},"end":{"line":10,"column":40}},"10":{"start":{"line":11,"column":24},"end":{"line":11,"column":59}},"11":{"start":{"line":12,"column":8},"end":{"line":12,"column":null}},"12":{"start":{"line":14,"column":22},"end":{"line":14,"column":39}},"13":{"start":{"line":15,"column":8},"end":{"line":15,"column":null}},"14":{"start":{"line":19,"column":13},"end":{"line":19,"column":null}}},"fnMap":{"0":{"name":"(anonymous_7)","decl":{"start":{"line":8,"column":32},"end":{"line":8,"column":33}},"loc":{"start":{"line":8,"column":57},"end":{"line":17,"column":null}}},"1":{"name":"(anonymous_8)","decl":{"start":{"line":8,"column":57},"end":{"line":8,"column":63}},"loc":{"start":{"line":8,"column":70},"end":{"line":17,"column":null}}},"2":{"name":"(anonymous_9)","decl":{"start":{"line":8,"column":70},"end":{"line":8,"column":null}},"loc":{"start":{"line":8,"column":70},"end":{"line":17,"column":1}}}},"branchMap":{},"s":{"0":0,"1":0,"2":0,"3":0,"4":0,"5":0,"6":0,"7":0,"8":0,"9":0,"10":0,"11":0,"12":0,"13":0,"14":0},"f":{"0":0,"1":0,"2":0},"b":{}}
,"/home/fabiochiquezi/Desktop/Tool-MonorepoBoilerplate/services/firebase-auth/helpers/res/index.ts": {"path":"/home/fabiochiquezi/Desktop/Tool-MonorepoBoilerplate/services/firebase-auth/helpers/res/index.ts","statementMap":{"0":{"start":{"line":3,"column":29},"end":{"line":10,"column":1}},"1":{"start":{"line":4,"column":4},"end":{"line":9,"column":null}},"2":{"start":{"line":12,"column":9},"end":{"line":12,"column":13}}},"fnMap":{"0":{"name":"(anonymous_0)","decl":{"start":{"line":3,"column":29},"end":{"line":3,"column":30}},"loc":{"start":{"line":3,"column":59},"end":{"line":10,"column":1}}}},"branchMap":{},"s":{"0":1,"1":2,"2":1},"f":{"0":2},"b":{}}
}
