{"/home/fabiochiquezi/Desktop/Tool-MonorepoBoilerplate/helpers/helpers-front/device/index.ts": {"path":"/home/fabiochiquezi/Desktop/Tool-MonorepoBoilerplate/helpers/helpers-front/device/index.ts","statementMap":{"0":{"start":{"line":3,"column":0},"end":{"line":3,"column":null}},"1":{"start":{"line":4,"column":4},"end":{"line":4,"column":null}},"2":{"start":{"line":5,"column":4},"end":{"line":5,"column":null}},"3":{"start":{"line":6,"column":4},"end":{"line":6,"column":null}},"4":{"start":{"line":9,"column":21},"end":{"line":18,"column":1}},"5":{"start":{"line":10,"column":23},"end":{"line":10,"column":74}},"6":{"start":{"line":10,"column":42},"end":{"line":10,"column":74}},"7":{"start":{"line":11,"column":19},"end":{"line":11,"column":39}},"8":{"start":{"line":12,"column":19},"end":{"line":12,"column":63}},"9":{"start":{"line":13,"column":20},"end":{"line":13,"column":41}},"10":{"start":{"line":15,"column":4},"end":{"line":15,"column":null}},"11":{"start":{"line":15,"column":28},"end":{"line":15,"column":null}},"12":{"start":{"line":16,"column":4},"end":{"line":16,"column":null}},"13":{"start":{"line":16,"column":28},"end":{"line":16,"column":null}},"14":{"start":{"line":17,"column":4},"end":{"line":17,"column":null}},"15":{"start":{"line":17,"column":29},"end":{"line":17,"column":null}},"16":{"start":{"line":20,"column":17},"end":{"line":20,"column":79}},"17":{"start":{"line":20,"column":37},"end":{"line":20,"column":79}},"18":{"start":{"line":25,"column":9},"end":{"line":25,"column":17}},"19":{"start":{"line":21,"column":17},"end":{"line":21,"column":79}},"20":{"start":{"line":21,"column":37},"end":{"line":21,"column":79}},"21":{"start":{"line":25,"column":19},"end":{"line":25,"column":27}},"22":{"start":{"line":22,"column":18},"end":{"line":23,"column":47}},"23":{"start":{"line":23,"column":4},"end":{"line":23,"column":47}},"24":{"start":{"line":25,"column":29},"end":{"line":25,"column":38}}},"fnMap":{"0":{"name":"(anonymous_0)","decl":{"start":{"line":3,"column":0},"end":{"line":3,"column":5}},"loc":{"start":{"line":3,"column":15},"end":{"line":7,"column":1}}},"1":{"name":"(anonymous_1)","decl":{"start":{"line":9,"column":21},"end":{"line":9,"column":22}},"loc":{"start":{"line":9,"column":55},"end":{"line":18,"column":1}}},"2":{"name":"(anonymous_2)","decl":{"start":{"line":10,"column":23},"end":{"line":10,"column":24}},"loc":{"start":{"line":10,"column":42},"end":{"line":10,"column":74}}},"3":{"name":"(anonymous_3)","decl":{"start":{"line":20,"column":17},"end":{"line":20,"column":18}},"loc":{"start":{"line":20,"column":37},"end":{"line":20,"column":79}}},"4":{"name":"(anonymous_4)","decl":{"start":{"line":21,"column":17},"end":{"line":21,"column":18}},"loc":{"start":{"line":21,"column":37},"end":{"line":21,"column":79}}},"5":{"name":"(anonymous_5)","decl":{"start":{"line":22,"column":18},"end":{"line":22,"column":19}},"loc":{"start":{"line":23,"column":4},"end":{"line":23,"column":47}}}},"branchMap":{"0":{"loc":{"start":{"line":3,"column":5},"end":{"line":3,"column":null}},"type":"binary-expr","locations":[{"start":{"line":3,"column":5},"end":{"line":3,"column":15}},{"start":{"line":3,"column":5},"end":{"line":3,"column":null}}]},"1":{"loc":{"start":{"line":15,"column":4},"end":{"line":15,"column":null}},"type":"if","locations":[{"start":{"line":15,"column":4},"end":{"line":15,"column":null}}]},"2":{"loc":{"start":{"line":16,"column":4},"end":{"line":16,"column":null}},"type":"if","locations":[{"start":{"line":16,"column":4},"end":{"line":16,"column":null}}]},"3":{"loc":{"start":{"line":17,"column":4},"end":{"line":17,"column":null}},"type":"if","locations":[{"start":{"line":17,"column":4},"end":{"line":17,"column":null}}]}},"s":{"0":1,"1":1,"2":1,"3":1,"4":1,"5":6,"6":12,"7":6,"8":6,"9":6,"10":6,"11":2,"12":4,"13":2,"14":2,"15":2,"16":1,"17":2,"18":1,"19":1,"20":2,"21":1,"22":1,"23":2,"24":1},"f":{"0":1,"1":6,"2":12,"3":2,"4":2,"5":2},"b":{"0":[1,1],"1":[2],"2":[2],"3":[2]}}
,"/home/fabiochiquezi/Desktop/Tool-MonorepoBoilerplate/helpers/helpers-front/responses/default/index.ts": {"path":"/home/fabiochiquezi/Desktop/Tool-MonorepoBoilerplate/helpers/helpers-front/responses/default/index.ts","statementMap":{"0":{"start":{"line":3,"column":28},"end":{"line":8,"column":2}},"1":{"start":{"line":3,"column":69},"end":{"line":8,"column":2}},"2":{"start":{"line":10,"column":9},"end":{"line":10,"column":17}}},"fnMap":{"0":{"name":"(anonymous_0)","decl":{"start":{"line":3,"column":28},"end":{"line":3,"column":29}},"loc":{"start":{"line":3,"column":69},"end":{"line":8,"column":2}}}},"branchMap":{"0":{"loc":{"start":{"line":3,"column":42},"end":{"line":3,"column":51}},"type":"default-arg","locations":[{"start":{"line":3,"column":49},"end":{"line":3,"column":51}}]},"1":{"loc":{"start":{"line":3,"column":53},"end":{"line":3,"column":63}},"type":"default-arg","locations":[{"start":{"line":3,"column":62},"end":{"line":3,"column":63}}]}},"s":{"0":1,"1":3,"2":1},"f":{"0":3},"b":{"0":[1],"1":[1]}}
}
