TN:
SF:device/index.ts
FN:3,(anonymous_0)
FN:9,(anonymous_1)
FN:10,(anonymous_2)
FN:20,(anonymous_3)
FN:21,(anonymous_4)
FN:22,(anonymous_5)
FNF:6
FNH:6
FNDA:1,(anonymous_0)
FNDA:6,(anonymous_1)
FNDA:12,(anonymous_2)
FNDA:2,(anonymous_3)
FNDA:2,(anonymous_4)
FNDA:2,(anonymous_5)
DA:3,1
DA:4,1
DA:5,1
DA:6,1
DA:9,1
DA:10,12
DA:11,6
DA:12,6
DA:13,6
DA:15,6
DA:16,4
DA:17,2
DA:20,2
DA:21,2
DA:22,1
DA:23,2
DA:25,1
LF:17
LH:17
BRDA:3,0,0,1
BRDA:3,0,1,1
BRDA:15,1,0,2
BRDA:16,2,0,2
BRDA:17,3,0,2
BRF:5
BRH:5
end_of_record
TN:
SF:responses/default/index.ts
FN:3,(anonymous_0)
FNF:1
FNH:1
FNDA:3,(anonymous_0)
DA:3,3
DA:10,1
LF:2
LH:2
BRDA:3,0,0,1
BRDA:3,1,0,1
BRF:2
BRH:2
end_of_record
